This file contains any messages produced by compilers while
running configure, to aid debugging if configure makes a mistake.

It was created by lx106-hal configure rc-2010.1, which was
generated by GNU Autoconf 2.69.  Invocation command line was

  $ ./configure --host=xtensa-D106_micro_be_ecc-elf --prefix=/home/osboxes/gccxtensa/pristine/esp-open-sdk/xtensa-D106_micro_be_ecc-elf/xtensa-D106_micro_be_ecc-elf/sysroot/usr

## --------- ##
## Platform. ##
## --------- ##

hostname = osboxes
uname -m = x86_64
uname -r = 4.4.0-142-generic
uname -s = Linux
uname -v = #168~14.04.1-Ubuntu SMP Sat Jan 19 11:26:28 UTC 2019

/usr/bin/uname -p = unknown
/bin/uname -X     = unknown

/bin/arch              = unknown
/usr/bin/arch -k       = unknown
/usr/convex/getsysinfo = unknown
/usr/bin/hostinfo      = unknown
/bin/machine           = unknown
/usr/bin/oslevel       = unknown
/bin/universe          = unknown

PATH: /home/osboxes/gccxtensa/pristine/esp-open-sdk/xtensa-D106_micro_be_ecc-elf/bin
PATH: /usr/local/sbin
PATH: /usr/local/bin
PATH: /usr/sbin
PATH: /usr/bin
PATH: /sbin
PATH: /bin
PATH: /usr/games
PATH: /usr/local/games


## ----------- ##
## Core tests. ##
## ----------- ##

configure:1855: checking for a BSD-compatible install
configure:1923: result: /usr/bin/install -c
configure:1934: checking whether build environment is sane
configure:1989: result: yes
configure:2048: checking for xtensa-D106_micro_be_ecc-elf-strip
configure:2064: found /home/osboxes/gccxtensa/pristine/esp-open-sdk/xtensa-D106_micro_be_ecc-elf/bin/xtensa-D106_micro_be_ecc-elf-strip
configure:2075: result: xtensa-D106_micro_be_ecc-elf-strip
configure:2140: checking for a thread-safe mkdir -p
configure:2179: result: /bin/mkdir -p
configure:2186: checking for gawk
configure:2202: found /usr/bin/gawk
configure:2213: result: gawk
configure:2224: checking whether make sets $(MAKE)
configure:2246: result: yes
configure:2275: checking whether make supports nested variables
configure:2292: result: yes
configure:2425: checking build system type
configure:2439: result: x86_64-unknown-linux-gnu
configure:2459: checking host system type
configure:2472: result: xtensa-D106_micro_be_ecc-elf
configure:2508: checking for style of include used by make
configure:2536: result: GNU
configure:2567: checking for xtensa-D106_micro_be_ecc-elf-gcc
configure:2583: found /home/osboxes/gccxtensa/pristine/esp-open-sdk/xtensa-D106_micro_be_ecc-elf/bin/xtensa-D106_micro_be_ecc-elf-gcc
configure:2594: result: xtensa-D106_micro_be_ecc-elf-gcc
configure:2863: checking for C compiler version
configure:2872: xtensa-D106_micro_be_ecc-elf-gcc --version >&5
xtensa-D106_micro_be_ecc-elf-gcc (crosstool-NG crosstool-ng-1.22.0-60-g37b07f6-dirty) 5.2.0
Copyright (C) 2015 Free Software Foundation, Inc.
This is free software; see the source for copying conditions.  There is NO
warranty; not even for MERCHANTABILITY or FITNESS FOR A PARTICULAR PURPOSE.

configure:2883: $? = 0
configure:2872: xtensa-D106_micro_be_ecc-elf-gcc -v >&5
Using built-in specs.
COLLECT_GCC=xtensa-D106_micro_be_ecc-elf-gcc
COLLECT_LTO_WRAPPER=/home/osboxes/gccxtensa/pristine/esp-open-sdk/xtensa-D106_micro_be_ecc-elf/libexec/gcc/xtensa-D106_micro_be_ecc-elf/5.2.0/lto-wrapper
Target: xtensa-D106_micro_be_ecc-elf
Configured with: /home/osboxes/gccxtensa/pristine/esp-open-sdk/crosstool-NG/.build/src/gcc-5.2.0/configure --build=x86_64-build_pc-linux-gnu --host=x86_64-build_pc-linux-gnu --target=xtensa-D106_micro_be_ecc-elf --prefix=/home/osboxes/gccxtensa/pristine/esp-open-sdk/xtensa-D106_micro_be_ecc-elf --with-local-prefix=/home/osboxes/gccxtensa/pristine/esp-open-sdk/xtensa-D106_micro_be_ecc-elf/xtensa-D106_micro_be_ecc-elf/sysroot --with-sysroot=/home/osboxes/gccxtensa/pristine/esp-open-sdk/xtensa-D106_micro_be_ecc-elf/xtensa-D106_micro_be_ecc-elf/sysroot --with-newlib --enable-threads=no --disable-shared --with-pkgversion='crosstool-NG crosstool-ng-1.22.0-60-g37b07f6-dirty' --disable-__cxa_atexit --enable-cxx-flags='-fno-exceptions -fno-rtti' --with-gmp=/home/osboxes/gccxtensa/pristine/esp-open-sdk/crosstool-NG/.build/xtensa-D106_micro_be_ecc-elf/buildtools --with-mpfr=/home/osboxes/gccxtensa/pristine/esp-open-sdk/crosstool-NG/.build/xtensa-D106_micro_be_ecc-elf/buildtools --with-mpc=/home/osboxes/gccxtensa/pristine/esp-open-sdk/crosstool-NG/.build/xtensa-D106_micro_be_ecc-elf/buildtools --with-isl=/home/osboxes/gccxtensa/pristine/esp-open-sdk/crosstool-NG/.build/xtensa-D106_micro_be_ecc-elf/buildtools --with-cloog=/home/osboxes/gccxtensa/pristine/esp-open-sdk/crosstool-NG/.build/xtensa-D106_micro_be_ecc-elf/buildtools --with-libelf=/home/osboxes/gccxtensa/pristine/esp-open-sdk/crosstool-NG/.build/xtensa-D106_micro_be_ecc-elf/buildtools --enable-lto --enable-target-optspace --without-long-double-128 --disable-libgomp --disable-libmudflap --disable-libssp --disable-libquadmath --disable-libquadmath-support --disable-nls --disable-multilib --enable-languages=c,c++
Thread model: single
gcc version 5.2.0 (crosstool-NG crosstool-ng-1.22.0-60-g37b07f6-dirty) 
configure:2883: $? = 0
configure:2872: xtensa-D106_micro_be_ecc-elf-gcc -V >&5
xtensa-D106_micro_be_ecc-elf-gcc: error: unrecognized command line option '-V'
xtensa-D106_micro_be_ecc-elf-gcc: fatal error: no input files
compilation terminated.
configure:2883: $? = 1
configure:2872: xtensa-D106_micro_be_ecc-elf-gcc -qversion >&5
xtensa-D106_micro_be_ecc-elf-gcc: error: unrecognized command line option '-qversion'
xtensa-D106_micro_be_ecc-elf-gcc: fatal error: no input files
compilation terminated.
configure:2883: $? = 1
configure:2903: checking whether the C compiler works
configure:2925: xtensa-D106_micro_be_ecc-elf-gcc -mlongcalls  -nostdlib conftest.c  >&5
/home/osboxes/gccxtensa/pristine/esp-open-sdk/xtensa-D106_micro_be_ecc-elf/lib/gcc/xtensa-D106_micro_be_ecc-elf/5.2.0/../../../../xtensa-D106_micro_be_ecc-elf/bin/ld: warning: cannot find entry symbol _start; defaulting to 0000000000400054
configure:2929: $? = 0
configure:2977: result: yes
configure:2980: checking for C compiler default output file name
configure:2982: result: a.out
configure:2988: checking for suffix of executables
configure:2995: xtensa-D106_micro_be_ecc-elf-gcc -o conftest -mlongcalls  -nostdlib conftest.c  >&5
/home/osboxes/gccxtensa/pristine/esp-open-sdk/xtensa-D106_micro_be_ecc-elf/lib/gcc/xtensa-D106_micro_be_ecc-elf/5.2.0/../../../../xtensa-D106_micro_be_ecc-elf/bin/ld: warning: cannot find entry symbol _start; defaulting to 0000000000400054
configure:2999: $? = 0
configure:3021: result: 
configure:3043: checking whether we are cross compiling
configure:3051: xtensa-D106_micro_be_ecc-elf-gcc -o conftest -mlongcalls  -nostdlib conftest.c  >&5
/home/osboxes/gccxtensa/pristine/esp-open-sdk/xtensa-D106_micro_be_ecc-elf/lib/gcc/xtensa-D106_micro_be_ecc-elf/5.2.0/../../../../xtensa-D106_micro_be_ecc-elf/bin/ld: warning: cannot find entry symbol _start; defaulting to 0000000000400054
/home/osboxes/gccxtensa/pristine/esp-open-sdk/xtensa-D106_micro_be_ecc-elf/lib/gcc/xtensa-D106_micro_be_ecc-elf/5.2.0/../../../../xtensa-D106_micro_be_ecc-elf/bin/ld: /tmp/ccWsGHea.o:(.literal+0x8): undefined reference to `fopen'
/home/osboxes/gccxtensa/pristine/esp-open-sdk/xtensa-D106_micro_be_ecc-elf/lib/gcc/xtensa-D106_micro_be_ecc-elf/5.2.0/../../../../xtensa-D106_micro_be_ecc-elf/bin/ld: /tmp/ccWsGHea.o:(.literal+0xc): undefined reference to `fclose'
/home/osboxes/gccxtensa/pristine/esp-open-sdk/xtensa-D106_micro_be_ecc-elf/lib/gcc/xtensa-D106_micro_be_ecc-elf/5.2.0/../../../../xtensa-D106_micro_be_ecc-elf/bin/ld: /tmp/ccWsGHea.o: in function `main':
conftest.c:(.text+0xf): undefined reference to `fopen'
/home/osboxes/gccxtensa/pristine/esp-open-sdk/xtensa-D106_micro_be_ecc-elf/lib/gcc/xtensa-D106_micro_be_ecc-elf/5.2.0/../../../../xtensa-D106_micro_be_ecc-elf/bin/ld: conftest.c:(.text+0x30): undefined reference to `fclose'
collect2: error: ld returned 1 exit status
configure:3055: $? = 1
configure:3062: ./conftest
./configure: line 3064: ./conftest: No such file or directory
configure:3066: $? = 127
configure:3081: result: yes
configure:3086: checking for suffix of object files
configure:3108: xtensa-D106_micro_be_ecc-elf-gcc -c -mlongcalls  conftest.c >&5
configure:3112: $? = 0
configure:3133: result: o
configure:3137: checking whether we are using the GNU C compiler
configure:3156: xtensa-D106_micro_be_ecc-elf-gcc -c -mlongcalls  conftest.c >&5
configure:3156: $? = 0
configure:3165: result: yes
configure:3174: checking whether xtensa-D106_micro_be_ecc-elf-gcc accepts -g
configure:3194: xtensa-D106_micro_be_ecc-elf-gcc -c -g  conftest.c >&5
configure:3194: $? = 0
configure:3235: result: yes
configure:3252: checking for xtensa-D106_micro_be_ecc-elf-gcc option to accept ISO C89
configure:3315: xtensa-D106_micro_be_ecc-elf-gcc  -c -mlongcalls  conftest.c >&5
configure:3315: $? = 0
configure:3328: result: none needed
configure:3353: checking whether xtensa-D106_micro_be_ecc-elf-gcc understands -c and -o together
configure:3375: xtensa-D106_micro_be_ecc-elf-gcc -c conftest.c -o conftest2.o
configure:3378: $? = 0
configure:3375: xtensa-D106_micro_be_ecc-elf-gcc -c conftest.c -o conftest2.o
configure:3378: $? = 0
configure:3390: result: yes
configure:3409: checking dependency style of xtensa-D106_micro_be_ecc-elf-gcc
configure:3520: result: gcc3
configure:3544: checking dependency style of xtensa-D106_micro_be_ecc-elf-gcc
configure:3653: result: gcc3
configure:3674: checking for xtensa-D106_micro_be_ecc-elf-ar
configure:3690: found /home/osboxes/gccxtensa/pristine/esp-open-sdk/xtensa-D106_micro_be_ecc-elf/bin/xtensa-D106_micro_be_ecc-elf-ar
configure:3701: result: xtensa-D106_micro_be_ecc-elf-ar
configure:3771: checking the archiver (xtensa-D106_micro_be_ecc-elf-ar) interface
configure:3787: xtensa-D106_micro_be_ecc-elf-gcc -c -mlongcalls  conftest.c >&5
configure:3787: $? = 0
configure:3789: xtensa-D106_micro_be_ecc-elf-ar cru libconftest.a conftest.o >&5
configure:3792: $? = 0
configure:3820: result: ar
configure:3848: checking for xtensa-D106_micro_be_ecc-elf-gcc
configure:3875: result: xtensa-D106_micro_be_ecc-elf-gcc
configure:4144: checking for C compiler version
configure:4153: xtensa-D106_micro_be_ecc-elf-gcc --version >&5
xtensa-D106_micro_be_ecc-elf-gcc (crosstool-NG crosstool-ng-1.22.0-60-g37b07f6-dirty) 5.2.0
Copyright (C) 2015 Free Software Foundation, Inc.
This is free software; see the source for copying conditions.  There is NO
warranty; not even for MERCHANTABILITY or FITNESS FOR A PARTICULAR PURPOSE.

configure:4164: $? = 0
configure:4153: xtensa-D106_micro_be_ecc-elf-gcc -v >&5
Using built-in specs.
COLLECT_GCC=xtensa-D106_micro_be_ecc-elf-gcc
COLLECT_LTO_WRAPPER=/home/osboxes/gccxtensa/pristine/esp-open-sdk/xtensa-D106_micro_be_ecc-elf/libexec/gcc/xtensa-D106_micro_be_ecc-elf/5.2.0/lto-wrapper
Target: xtensa-D106_micro_be_ecc-elf
Configured with: /home/osboxes/gccxtensa/pristine/esp-open-sdk/crosstool-NG/.build/src/gcc-5.2.0/configure --build=x86_64-build_pc-linux-gnu --host=x86_64-build_pc-linux-gnu --target=xtensa-D106_micro_be_ecc-elf --prefix=/home/osboxes/gccxtensa/pristine/esp-open-sdk/xtensa-D106_micro_be_ecc-elf --with-local-prefix=/home/osboxes/gccxtensa/pristine/esp-open-sdk/xtensa-D106_micro_be_ecc-elf/xtensa-D106_micro_be_ecc-elf/sysroot --with-sysroot=/home/osboxes/gccxtensa/pristine/esp-open-sdk/xtensa-D106_micro_be_ecc-elf/xtensa-D106_micro_be_ecc-elf/sysroot --with-newlib --enable-threads=no --disable-shared --with-pkgversion='crosstool-NG crosstool-ng-1.22.0-60-g37b07f6-dirty' --disable-__cxa_atexit --enable-cxx-flags='-fno-exceptions -fno-rtti' --with-gmp=/home/osboxes/gccxtensa/pristine/esp-open-sdk/crosstool-NG/.build/xtensa-D106_micro_be_ecc-elf/buildtools --with-mpfr=/home/osboxes/gccxtensa/pristine/esp-open-sdk/crosstool-NG/.build/xtensa-D106_micro_be_ecc-elf/buildtools --with-mpc=/home/osboxes/gccxtensa/pristine/esp-open-sdk/crosstool-NG/.build/xtensa-D106_micro_be_ecc-elf/buildtools --with-isl=/home/osboxes/gccxtensa/pristine/esp-open-sdk/crosstool-NG/.build/xtensa-D106_micro_be_ecc-elf/buildtools --with-cloog=/home/osboxes/gccxtensa/pristine/esp-open-sdk/crosstool-NG/.build/xtensa-D106_micro_be_ecc-elf/buildtools --with-libelf=/home/osboxes/gccxtensa/pristine/esp-open-sdk/crosstool-NG/.build/xtensa-D106_micro_be_ecc-elf/buildtools --enable-lto --enable-target-optspace --without-long-double-128 --disable-libgomp --disable-libmudflap --disable-libssp --disable-libquadmath --disable-libquadmath-support --disable-nls --disable-multilib --enable-languages=c,c++
Thread model: single
gcc version 5.2.0 (crosstool-NG crosstool-ng-1.22.0-60-g37b07f6-dirty) 
configure:4164: $? = 0
configure:4153: xtensa-D106_micro_be_ecc-elf-gcc -V >&5
xtensa-D106_micro_be_ecc-elf-gcc: error: unrecognized command line option '-V'
xtensa-D106_micro_be_ecc-elf-gcc: fatal error: no input files
compilation terminated.
configure:4164: $? = 1
configure:4153: xtensa-D106_micro_be_ecc-elf-gcc -qversion >&5
xtensa-D106_micro_be_ecc-elf-gcc: error: unrecognized command line option '-qversion'
xtensa-D106_micro_be_ecc-elf-gcc: fatal error: no input files
compilation terminated.
configure:4164: $? = 1
configure:4168: checking whether we are using the GNU C compiler
configure:4196: result: yes
configure:4205: checking whether xtensa-D106_micro_be_ecc-elf-gcc accepts -g
configure:4266: result: yes
configure:4283: checking for xtensa-D106_micro_be_ecc-elf-gcc option to accept ISO C89
configure:4359: result: none needed
configure:4384: checking whether xtensa-D106_micro_be_ecc-elf-gcc understands -c and -o together
configure:4421: result: yes
configure:4440: checking dependency style of xtensa-D106_micro_be_ecc-elf-gcc
configure:4551: result: gcc3
configure:4569: checking for xtensa-D106_micro_be_ecc-elf-ranlib
configure:4585: found /home/osboxes/gccxtensa/pristine/esp-open-sdk/xtensa-D106_micro_be_ecc-elf/bin/xtensa-D106_micro_be_ecc-elf-ranlib
configure:4596: result: xtensa-D106_micro_be_ecc-elf-ranlib
configure:4659: checking for call0 ABI
configure:4676: xtensa-D106_micro_be_ecc-elf-gcc -c -mlongcalls  conftest.c >&5
configure:4676: $? = 0
configure:4682: result: yes
configure:4806: checking that generated files are newer than configure
configure:4812: result: done
configure:4847: creating ./config.status

## ---------------------- ##
## Running config.status. ##
## ---------------------- ##

This file was extended by lx106-hal config.status rc-2010.1, which was
generated by GNU Autoconf 2.69.  Invocation command line was

  CONFIG_FILES    = 
  CONFIG_HEADERS  = 
  CONFIG_LINKS    = 
  CONFIG_COMMANDS = 
  $ ./config.status 

on osboxes

config.status:859: creating Makefile
config.status:859: creating include/Makefile
config.status:859: creating src/Makefile
config.status:859: creating src/config.h
config.status:1088: executing depfiles commands

## ---------------- ##
## Cache variables. ##
## ---------------- ##

ac_cv_build=x86_64-unknown-linux-gnu
ac_cv_c_compiler_gnu=yes
ac_cv_env_CCASFLAGS_set=
ac_cv_env_CCASFLAGS_value=
ac_cv_env_CCAS_set=
ac_cv_env_CCAS_value=
ac_cv_env_CC_set=
ac_cv_env_CC_value=
ac_cv_env_CFLAGS_set=
ac_cv_env_CFLAGS_value=
ac_cv_env_CPPFLAGS_set=
ac_cv_env_CPPFLAGS_value=
ac_cv_env_LDFLAGS_set=
ac_cv_env_LDFLAGS_value=
ac_cv_env_LIBS_set=
ac_cv_env_LIBS_value=
ac_cv_env_build_alias_set=
ac_cv_env_build_alias_value=
ac_cv_env_host_alias_set=set
ac_cv_env_host_alias_value=xtensa-D106_micro_be_ecc-elf
ac_cv_env_target_alias_set=
ac_cv_env_target_alias_value=
ac_cv_host=xtensa-D106_micro_be_ecc-elf
ac_cv_objext=o
ac_cv_path_install='/usr/bin/install -c'
ac_cv_path_mkdir=/bin/mkdir
ac_cv_prog_AR=xtensa-D106_micro_be_ecc-elf-ar
ac_cv_prog_AWK=gawk
ac_cv_prog_CC=xtensa-D106_micro_be_ecc-elf-gcc
ac_cv_prog_RANLIB=xtensa-D106_micro_be_ecc-elf-ranlib
ac_cv_prog_STRIP=xtensa-D106_micro_be_ecc-elf-strip
ac_cv_prog_cc_c89=
ac_cv_prog_cc_g=yes
ac_cv_prog_make_make_set=yes
am_cv_CCAS_dependencies_compiler_type=gcc3
am_cv_CC_dependencies_compiler_type=gcc3
am_cv_ar_interface=ar
am_cv_make_support_nested_variables=yes
am_cv_prog_cc_c_o=yes

## ----------------- ##
## Output variables. ##
## ----------------- ##

ACLOCAL='${SHELL} /home/osboxes/gccxtensa/pristine/esp-open-sdk/D106_micro_be_ecc-hal/build-aux/missing aclocal-1.14'
AMDEPBACKSLASH='\'
AMDEP_FALSE='#'
AMDEP_TRUE=''
AMTAR='$${TAR-tar}'
AM_BACKSLASH='\'
AM_DEFAULT_V='$(AM_DEFAULT_VERBOSITY)'
AM_DEFAULT_VERBOSITY='1'
AM_V='$(V)'
AR='xtensa-D106_micro_be_ecc-elf-ar'
AUTOCONF='${SHELL} /home/osboxes/gccxtensa/pristine/esp-open-sdk/D106_micro_be_ecc-hal/build-aux/missing autoconf'
AUTOHEADER='${SHELL} /home/osboxes/gccxtensa/pristine/esp-open-sdk/D106_micro_be_ecc-hal/build-aux/missing autoheader'
AUTOMAKE='${SHELL} /home/osboxes/gccxtensa/pristine/esp-open-sdk/D106_micro_be_ecc-hal/build-aux/missing automake-1.14'
AWK='gawk'
CC='xtensa-D106_micro_be_ecc-elf-gcc'
CCAS='xtensa-D106_micro_be_ecc-elf-gcc'
CCASDEPMODE='depmode=gcc3'
CCASFLAGS='-mlongcalls'
CCDEPMODE='depmode=gcc3'
CFLAGS='-mlongcalls'
CPPFLAGS='-I${top_srcdir}/include'
CYGPATH_W='echo'
DEFS='-DHAVE_CONFIG_H'
DEPDIR='.deps'
ECHO_C=''
ECHO_N='-n'
ECHO_T=''
EXEEXT=''
INSTALL_DATA='${INSTALL} -m 644'
INSTALL_PROGRAM='${INSTALL}'
INSTALL_SCRIPT='${INSTALL}'
INSTALL_STRIP_PROGRAM='$(install_sh) -c -s'
LDFLAGS='-nostdlib'
LIBOBJS=''
LIBS=''
LTLIBOBJS=''
MAKEINFO='${SHELL} /home/osboxes/gccxtensa/pristine/esp-open-sdk/D106_micro_be_ecc-hal/build-aux/missing makeinfo'
MKDIR_P='/bin/mkdir -p'
OBJEXT='o'
PACKAGE='lx106-hal'
PACKAGE_BUGREPORT=''
PACKAGE_NAME='lx106-hal'
PACKAGE_STRING='lx106-hal rc-2010.1'
PACKAGE_TARNAME='lx106-hal'
PACKAGE_URL=''
PACKAGE_VERSION='rc-2010.1'
PATH_SEPARATOR=':'
RANLIB='xtensa-D106_micro_be_ecc-elf-ranlib'
SET_MAKE=''
SHELL='/bin/bash'
STRIP='xtensa-D106_micro_be_ecc-elf-strip'
VERSION='rc-2010.1'
XTENSA_CALL0_ABI_FALSE='#'
XTENSA_CALL0_ABI_TRUE=''
ac_ct_AR=''
ac_ct_CC=''
am__EXEEXT_FALSE=''
am__EXEEXT_TRUE='#'
am__fastdepCCAS_FALSE='#'
am__fastdepCCAS_TRUE=''
am__fastdepCC_FALSE='#'
am__fastdepCC_TRUE=''
am__include='include'
am__isrc=''
am__leading_dot='.'
am__nodep='_no'
am__quote=''
am__tar='$${TAR-tar} chof - "$$tardir"'
am__untar='$${TAR-tar} xf -'
bindir='${exec_prefix}/bin'
build='x86_64-unknown-linux-gnu'
build_alias=''
build_cpu='x86_64'
build_os='linux-gnu'
build_vendor='unknown'
datadir='${datarootdir}'
datarootdir='${prefix}/share'
docdir='${datarootdir}/doc/${PACKAGE_TARNAME}'
dvidir='${docdir}'
exec_prefix='${prefix}'
host='xtensa-D106_micro_be_ecc-elf'
host_alias='xtensa-D106_micro_be_ecc-elf'
host_cpu='xtensa'
host_os='elf'
host_vendor='D106_micro_be_ecc'
htmldir='${docdir}'
includedir='${prefix}/include'
infodir='${datarootdir}/info'
install_sh='${SHELL} /home/osboxes/gccxtensa/pristine/esp-open-sdk/D106_micro_be_ecc-hal/build-aux/install-sh'
libdir='${exec_prefix}/lib'
libexecdir='${exec_prefix}/libexec'
localedir='${datarootdir}/locale'
localstatedir='${prefix}/var'
mandir='${datarootdir}/man'
mkdir_p='$(MKDIR_P)'
oldincludedir='/usr/include'
pdfdir='${docdir}'
prefix='/home/osboxes/gccxtensa/pristine/esp-open-sdk/xtensa-D106_micro_be_ecc-elf/xtensa-D106_micro_be_ecc-elf/sysroot/usr'
program_transform_name='s,x,x,'
psdir='${docdir}'
sbindir='${exec_prefix}/sbin'
sharedstatedir='${prefix}/com'
sysconfdir='${prefix}/etc'
target_alias=''

## ----------- ##
## confdefs.h. ##
## ----------- ##

/* confdefs.h */
#define PACKAGE_NAME "lx106-hal"
#define PACKAGE_TARNAME "lx106-hal"
#define PACKAGE_VERSION "rc-2010.1"
#define PACKAGE_STRING "lx106-hal rc-2010.1"
#define PACKAGE_BUGREPORT ""
#define PACKAGE_URL ""
#define PACKAGE "lx106-hal"
#define VERSION "rc-2010.1"

configure: exit 0
